[debug] [2024-10-15T01:28:57.280Z] ----------------------------------------------------------------------
[debug] [2024-10-15T01:28:57.283Z] Command:       C:\Program Files\nodejs\node.exe C:\Users\Kip\AppData\Roaming\npm\node_modules\firebase-tools\lib\bin\firebase.js deploy
[debug] [2024-10-15T01:28:57.283Z] CLI Version:   12.6.1
[debug] [2024-10-15T01:28:57.283Z] Platform:      win32
[debug] [2024-10-15T01:28:57.284Z] Node Version:  v20.11.1
[debug] [2024-10-15T01:28:57.284Z] Time:          Mon Oct 14 2024 21:28:57 GMT-0400 (Eastern Daylight Time)
[debug] [2024-10-15T01:28:57.284Z] ----------------------------------------------------------------------
[debug] 
[debug] [2024-10-15T01:28:57.288Z] >>> [apiv2][query] GET https://firebase-public.firebaseio.com/cli.json [none]
[debug] [2024-10-15T01:28:57.426Z] > command requires scopes: ["email","openid","https://www.googleapis.com/auth/cloudplatformprojects.readonly","https://www.googleapis.com/auth/firebase","https://www.googleapis.com/auth/cloud-platform"]
[debug] [2024-10-15T01:28:57.426Z] > authorizing via signed-in user (kiplingdunlap@gmail.com)
[debug] [2024-10-15T01:28:57.427Z] [iam] checking project kdme-ba340 for permissions ["firebase.projects.get","firebasehosting.sites.update"]
[debug] [2024-10-15T01:28:57.428Z] > refreshing access token with scopes: []
[debug] [2024-10-15T01:28:57.429Z] >>> [apiv2][query] POST https://www.googleapis.com/oauth2/v3/token [none]
[debug] [2024-10-15T01:28:57.429Z] >>> [apiv2][body] POST https://www.googleapis.com/oauth2/v3/token [omitted]
[debug] [2024-10-15T01:28:57.488Z] <<< [apiv2][status] POST https://www.googleapis.com/oauth2/v3/token 400
[debug] [2024-10-15T01:28:57.488Z] <<< [apiv2][body] POST https://www.googleapis.com/oauth2/v3/token [omitted]
[debug] [2024-10-15T01:28:57.488Z] >>> [apiv2][query] POST https://cloudresourcemanager.googleapis.com/v1/projects/kdme-ba340:testIamPermissions [none]
[debug] [2024-10-15T01:28:57.488Z] >>> [apiv2][(partial)header] POST https://cloudresourcemanager.googleapis.com/v1/projects/kdme-ba340:testIamPermissions x-goog-quota-user=projects/kdme-ba340
[debug] [2024-10-15T01:28:57.489Z] >>> [apiv2][body] POST https://cloudresourcemanager.googleapis.com/v1/projects/kdme-ba340:testIamPermissions {"permissions":["firebase.projects.get","firebasehosting.sites.update"]}
[debug] [2024-10-15T01:28:57.505Z] <<< [apiv2][status] GET https://firebase-public.firebaseio.com/cli.json 200
[debug] [2024-10-15T01:28:57.506Z] <<< [apiv2][body] GET https://firebase-public.firebaseio.com/cli.json {"cloudBuildErrorAfter":1594252800000,"cloudBuildWarnAfter":1590019200000,"defaultNode10After":1594252800000,"minVersion":"3.0.5","node8DeploysDisabledAfter":1613390400000,"node8RuntimeDisabledAfter":1615809600000,"node8WarnAfter":1600128000000}
[debug] [2024-10-15T01:28:57.598Z] <<< [apiv2][status] POST https://cloudresourcemanager.googleapis.com/v1/projects/kdme-ba340:testIamPermissions 401
[debug] [2024-10-15T01:28:57.598Z] <<< [apiv2][body] POST https://cloudresourcemanager.googleapis.com/v1/projects/kdme-ba340:testIamPermissions {"error":{"code":401,"message":"Request had invalid authentication credentials. Expected OAuth 2 access token, login cookie or other valid authentication credential. See https://developers.google.com/identity/sign-in/web/devconsole-project.","status":"UNAUTHENTICATED","details":[{"@type":"type.googleapis.com/google.rpc.ErrorInfo","reason":"ACCESS_TOKEN_TYPE_UNSUPPORTED","metadata":{"method":"google.cloudresourcemanager.v1.Projects.TestIamPermissions","service":"cloudresourcemanager.googleapis.com"}}]}}
[debug] [2024-10-15T01:28:57.599Z] [iam] error while checking permissions, command may fail: FirebaseError: HTTP Error: 401, Request had invalid authentication credentials. Expected OAuth 2 access token, login cookie or other valid authentication credential. See https://developers.google.com/identity/sign-in/web/devconsole-project.
[debug] [2024-10-15T01:28:57.600Z] > refreshing access token with scopes: []
[debug] [2024-10-15T01:28:57.600Z] >>> [apiv2][query] POST https://www.googleapis.com/oauth2/v3/token [none]
[debug] [2024-10-15T01:28:57.600Z] >>> [apiv2][body] POST https://www.googleapis.com/oauth2/v3/token [omitted]
[debug] [2024-10-15T01:28:57.617Z] <<< [apiv2][status] POST https://www.googleapis.com/oauth2/v3/token 400
[debug] [2024-10-15T01:28:57.618Z] <<< [apiv2][body] POST https://www.googleapis.com/oauth2/v3/token [omitted]
[debug] [2024-10-15T01:28:57.618Z] >>> [apiv2][query] GET https://firebase.googleapis.com/v1beta1/projects/kdme-ba340 [none]
[debug] [2024-10-15T01:28:57.661Z] <<< [apiv2][status] GET https://firebase.googleapis.com/v1beta1/projects/kdme-ba340 401
[debug] [2024-10-15T01:28:57.661Z] <<< [apiv2][body] GET https://firebase.googleapis.com/v1beta1/projects/kdme-ba340 {"error":{"code":401,"message":"Request had invalid authentication credentials. Expected OAuth 2 access token, login cookie or other valid authentication credential. See https://developers.google.com/identity/sign-in/web/devconsole-project.","status":"UNAUTHENTICATED"}}
[debug] [2024-10-15T01:28:57.661Z] HTTP Error: 401, Request had invalid authentication credentials. Expected OAuth 2 access token, login cookie or other valid authentication credential. See https://developers.google.com/identity/sign-in/web/devconsole-project.
[debug] [2024-10-15T01:28:57.693Z] FirebaseError: HTTP Error: 401, Request had invalid authentication credentials. Expected OAuth 2 access token, login cookie or other valid authentication credential. See https://developers.google.com/identity/sign-in/web/devconsole-project.
    at responseToError (C:\Users\Kip\AppData\Roaming\npm\node_modules\firebase-tools\lib\responseToError.js:49:12)
    at RetryOperation._fn (C:\Users\Kip\AppData\Roaming\npm\node_modules\firebase-tools\lib\apiv2.js:285:77)
    at process.processTicksAndRejections (node:internal/process/task_queues:95:5)
[error] 
[error] Error: Failed to get Firebase project kdme-ba340. Please make sure the project exists and your account has permission to access it.
[debug] [2024-10-15T01:31:10.460Z] ----------------------------------------------------------------------
[debug] [2024-10-15T01:31:10.463Z] Command:       C:\Program Files\nodejs\node.exe C:\Users\Kip\AppData\Roaming\npm\node_modules\firebase-tools\lib\bin\firebase.js deploy
[debug] [2024-10-15T01:31:10.464Z] CLI Version:   12.6.1
[debug] [2024-10-15T01:31:10.464Z] Platform:      win32
[debug] [2024-10-15T01:31:10.464Z] Node Version:  v20.11.1
[debug] [2024-10-15T01:31:10.464Z] Time:          Mon Oct 14 2024 21:31:10 GMT-0400 (Eastern Daylight Time)
[debug] [2024-10-15T01:31:10.464Z] ----------------------------------------------------------------------
[debug] 
[debug] [2024-10-15T01:31:10.557Z] > command requires scopes: ["email","openid","https://www.googleapis.com/auth/cloudplatformprojects.readonly","https://www.googleapis.com/auth/firebase","https://www.googleapis.com/auth/cloud-platform"]
[debug] [2024-10-15T01:31:10.558Z] > authorizing via signed-in user (kiplingdunlap@gmail.com)
[debug] [2024-10-15T01:31:10.558Z] [iam] checking project kdme-ba340 for permissions ["firebase.projects.get","firebasehosting.sites.update"]
[debug] [2024-10-15T01:31:10.560Z] > refreshing access token with scopes: []
[debug] [2024-10-15T01:31:10.561Z] >>> [apiv2][query] POST https://www.googleapis.com/oauth2/v3/token [none]
[debug] [2024-10-15T01:31:10.562Z] >>> [apiv2][body] POST https://www.googleapis.com/oauth2/v3/token [omitted]
[debug] [2024-10-15T01:31:10.672Z] <<< [apiv2][status] POST https://www.googleapis.com/oauth2/v3/token 400
[debug] [2024-10-15T01:31:10.673Z] <<< [apiv2][body] POST https://www.googleapis.com/oauth2/v3/token [omitted]
[debug] [2024-10-15T01:31:10.673Z] >>> [apiv2][query] POST https://cloudresourcemanager.googleapis.com/v1/projects/kdme-ba340:testIamPermissions [none]
[debug] [2024-10-15T01:31:10.673Z] >>> [apiv2][(partial)header] POST https://cloudresourcemanager.googleapis.com/v1/projects/kdme-ba340:testIamPermissions x-goog-quota-user=projects/kdme-ba340
[debug] [2024-10-15T01:31:10.673Z] >>> [apiv2][body] POST https://cloudresourcemanager.googleapis.com/v1/projects/kdme-ba340:testIamPermissions {"permissions":["firebase.projects.get","firebasehosting.sites.update"]}
[debug] [2024-10-15T01:31:10.767Z] <<< [apiv2][status] POST https://cloudresourcemanager.googleapis.com/v1/projects/kdme-ba340:testIamPermissions 401
[debug] [2024-10-15T01:31:10.768Z] <<< [apiv2][body] POST https://cloudresourcemanager.googleapis.com/v1/projects/kdme-ba340:testIamPermissions {"error":{"code":401,"message":"Request had invalid authentication credentials. Expected OAuth 2 access token, login cookie or other valid authentication credential. See https://developers.google.com/identity/sign-in/web/devconsole-project.","status":"UNAUTHENTICATED","details":[{"@type":"type.googleapis.com/google.rpc.ErrorInfo","reason":"ACCESS_TOKEN_TYPE_UNSUPPORTED","metadata":{"service":"cloudresourcemanager.googleapis.com","method":"google.cloudresourcemanager.v1.Projects.TestIamPermissions"}}]}}
[debug] [2024-10-15T01:31:10.768Z] [iam] error while checking permissions, command may fail: FirebaseError: HTTP Error: 401, Request had invalid authentication credentials. Expected OAuth 2 access token, login cookie or other valid authentication credential. See https://developers.google.com/identity/sign-in/web/devconsole-project.
[debug] [2024-10-15T01:31:10.769Z] > refreshing access token with scopes: []
[debug] [2024-10-15T01:31:10.769Z] >>> [apiv2][query] POST https://www.googleapis.com/oauth2/v3/token [none]
[debug] [2024-10-15T01:31:10.769Z] >>> [apiv2][body] POST https://www.googleapis.com/oauth2/v3/token [omitted]
[debug] [2024-10-15T01:31:10.799Z] <<< [apiv2][status] POST https://www.googleapis.com/oauth2/v3/token 400
[debug] [2024-10-15T01:31:10.799Z] <<< [apiv2][body] POST https://www.googleapis.com/oauth2/v3/token [omitted]
[debug] [2024-10-15T01:31:10.800Z] >>> [apiv2][query] GET https://firebase.googleapis.com/v1beta1/projects/kdme-ba340 [none]
[debug] [2024-10-15T01:31:10.830Z] <<< [apiv2][status] GET https://firebase.googleapis.com/v1beta1/projects/kdme-ba340 401
[debug] [2024-10-15T01:31:10.830Z] <<< [apiv2][body] GET https://firebase.googleapis.com/v1beta1/projects/kdme-ba340 {"error":{"code":401,"message":"Request had invalid authentication credentials. Expected OAuth 2 access token, login cookie or other valid authentication credential. See https://developers.google.com/identity/sign-in/web/devconsole-project.","status":"UNAUTHENTICATED"}}
[debug] [2024-10-15T01:31:10.830Z] HTTP Error: 401, Request had invalid authentication credentials. Expected OAuth 2 access token, login cookie or other valid authentication credential. See https://developers.google.com/identity/sign-in/web/devconsole-project.
[debug] [2024-10-15T01:31:10.859Z] FirebaseError: HTTP Error: 401, Request had invalid authentication credentials. Expected OAuth 2 access token, login cookie or other valid authentication credential. See https://developers.google.com/identity/sign-in/web/devconsole-project.
    at responseToError (C:\Users\Kip\AppData\Roaming\npm\node_modules\firebase-tools\lib\responseToError.js:49:12)
    at RetryOperation._fn (C:\Users\Kip\AppData\Roaming\npm\node_modules\firebase-tools\lib\apiv2.js:285:77)
    at process.processTicksAndRejections (node:internal/process/task_queues:95:5)
[error] 
[error] Error: Failed to get Firebase project kdme-ba340. Please make sure the project exists and your account has permission to access it.
[debug] [2024-10-15T01:34:04.806Z] ----------------------------------------------------------------------
[debug] [2024-10-15T01:34:04.809Z] Command:       C:\Program Files\nodejs\node.exe C:\Users\Kip\AppData\Roaming\npm\node_modules\firebase-tools\lib\bin\firebase.js deploy
[debug] [2024-10-15T01:34:04.810Z] CLI Version:   13.22.0
[debug] [2024-10-15T01:34:04.810Z] Platform:      win32
[debug] [2024-10-15T01:34:04.810Z] Node Version:  v20.11.1
[debug] [2024-10-15T01:34:04.810Z] Time:          Mon Oct 14 2024 21:34:04 GMT-0400 (Eastern Daylight Time)
[debug] [2024-10-15T01:34:04.810Z] ----------------------------------------------------------------------
[debug] 
[debug] [2024-10-15T01:34:04.899Z] > command requires scopes: ["email","openid","https://www.googleapis.com/auth/cloudplatformprojects.readonly","https://www.googleapis.com/auth/firebase","https://www.googleapis.com/auth/cloud-platform"]
[debug] [2024-10-15T01:34:04.899Z] > authorizing via signed-in user (kiplingdunlap@gmail.com)
[debug] [2024-10-15T01:34:04.899Z] [iam] checking project kdme-ba340 for permissions ["firebase.projects.get","firebasehosting.sites.update"]
[debug] [2024-10-15T01:34:04.901Z] Checked if tokens are valid: false, expires at: 1696988067517
[debug] [2024-10-15T01:34:04.901Z] Checked if tokens are valid: false, expires at: 1696988067517
[debug] [2024-10-15T01:34:04.901Z] > refreshing access token with scopes: []
[debug] [2024-10-15T01:34:04.903Z] >>> [apiv2][query] POST https://www.googleapis.com/oauth2/v3/token [none]
[debug] [2024-10-15T01:34:04.903Z] >>> [apiv2][body] POST https://www.googleapis.com/oauth2/v3/token [omitted]
[debug] [2024-10-15T01:34:05.008Z] <<< [apiv2][status] POST https://www.googleapis.com/oauth2/v3/token 400
[debug] [2024-10-15T01:34:05.008Z] <<< [apiv2][body] POST https://www.googleapis.com/oauth2/v3/token [omitted]
[debug] [2024-10-15T01:34:05.009Z] >>> [apiv2][query] POST https://cloudresourcemanager.googleapis.com/v1/projects/kdme-ba340:testIamPermissions [none]
[debug] [2024-10-15T01:34:05.009Z] >>> [apiv2][(partial)header] POST https://cloudresourcemanager.googleapis.com/v1/projects/kdme-ba340:testIamPermissions x-goog-quota-user=projects/kdme-ba340
[debug] [2024-10-15T01:34:05.009Z] >>> [apiv2][body] POST https://cloudresourcemanager.googleapis.com/v1/projects/kdme-ba340:testIamPermissions {"permissions":["firebase.projects.get","firebasehosting.sites.update"]}
[debug] [2024-10-15T01:34:05.115Z] <<< [apiv2][status] POST https://cloudresourcemanager.googleapis.com/v1/projects/kdme-ba340:testIamPermissions 401
[debug] [2024-10-15T01:34:05.115Z] <<< [apiv2][body] POST https://cloudresourcemanager.googleapis.com/v1/projects/kdme-ba340:testIamPermissions {"error":{"code":401,"message":"Request had invalid authentication credentials. Expected OAuth 2 access token, login cookie or other valid authentication credential. See https://developers.google.com/identity/sign-in/web/devconsole-project.","status":"UNAUTHENTICATED","details":[{"@type":"type.googleapis.com/google.rpc.ErrorInfo","reason":"ACCESS_TOKEN_TYPE_UNSUPPORTED","metadata":{"service":"cloudresourcemanager.googleapis.com","method":"google.cloudresourcemanager.v1.Projects.TestIamPermissions"}}]}}
[debug] [2024-10-15T01:34:05.115Z] Got a 401 Unauthenticated error for a call that required authentication. Refreshing tokens.
[debug] [2024-10-15T01:34:05.116Z] Checked if tokens are valid: false, expires at: 1696988067517
[debug] [2024-10-15T01:34:05.116Z] Checked if tokens are valid: false, expires at: 1696988067517
[debug] [2024-10-15T01:34:05.116Z] > refreshing access token with scopes: []
[debug] [2024-10-15T01:34:05.116Z] >>> [apiv2][query] POST https://www.googleapis.com/oauth2/v3/token [none]
[debug] [2024-10-15T01:34:05.116Z] >>> [apiv2][body] POST https://www.googleapis.com/oauth2/v3/token [omitted]
[debug] [2024-10-15T01:34:05.133Z] <<< [apiv2][status] POST https://www.googleapis.com/oauth2/v3/token 400
[debug] [2024-10-15T01:34:05.133Z] <<< [apiv2][body] POST https://www.googleapis.com/oauth2/v3/token [omitted]
[debug] [2024-10-15T01:34:05.134Z] [iam] error while checking permissions, command may fail: FirebaseError: HTTP Error: 401, Request had invalid authentication credentials. Expected OAuth 2 access token, login cookie or other valid authentication credential. See https://developers.google.com/identity/sign-in/web/devconsole-project.
[debug] [2024-10-15T01:34:05.134Z] Checked if tokens are valid: false, expires at: 1696988067517
[debug] [2024-10-15T01:34:05.134Z] Checked if tokens are valid: false, expires at: 1696988067517
[debug] [2024-10-15T01:34:05.134Z] > refreshing access token with scopes: []
[debug] [2024-10-15T01:34:05.135Z] >>> [apiv2][query] POST https://www.googleapis.com/oauth2/v3/token [none]
[debug] [2024-10-15T01:34:05.135Z] >>> [apiv2][body] POST https://www.googleapis.com/oauth2/v3/token [omitted]
[debug] [2024-10-15T01:34:05.162Z] <<< [apiv2][status] POST https://www.googleapis.com/oauth2/v3/token 400
[debug] [2024-10-15T01:34:05.162Z] <<< [apiv2][body] POST https://www.googleapis.com/oauth2/v3/token [omitted]
[debug] [2024-10-15T01:34:05.163Z] >>> [apiv2][query] GET https://firebase.googleapis.com/v1beta1/projects/kdme-ba340 [none]
[debug] [2024-10-15T01:34:05.206Z] <<< [apiv2][status] GET https://firebase.googleapis.com/v1beta1/projects/kdme-ba340 401
[debug] [2024-10-15T01:34:05.206Z] <<< [apiv2][body] GET https://firebase.googleapis.com/v1beta1/projects/kdme-ba340 {"error":{"code":401,"message":"Request had invalid authentication credentials. Expected OAuth 2 access token, login cookie or other valid authentication credential. See https://developers.google.com/identity/sign-in/web/devconsole-project.","status":"UNAUTHENTICATED"}}
[debug] [2024-10-15T01:34:05.206Z] Got a 401 Unauthenticated error for a call that required authentication. Refreshing tokens.
[debug] [2024-10-15T01:34:05.206Z] Checked if tokens are valid: false, expires at: 1696988067517
[debug] [2024-10-15T01:34:05.206Z] Checked if tokens are valid: false, expires at: 1696988067517
[debug] [2024-10-15T01:34:05.206Z] > refreshing access token with scopes: []
[debug] [2024-10-15T01:34:05.207Z] >>> [apiv2][query] POST https://www.googleapis.com/oauth2/v3/token [none]
[debug] [2024-10-15T01:34:05.207Z] >>> [apiv2][body] POST https://www.googleapis.com/oauth2/v3/token [omitted]
[debug] [2024-10-15T01:34:05.235Z] <<< [apiv2][status] POST https://www.googleapis.com/oauth2/v3/token 400
[debug] [2024-10-15T01:34:05.235Z] <<< [apiv2][body] POST https://www.googleapis.com/oauth2/v3/token [omitted]
[debug] [2024-10-15T01:34:05.235Z] HTTP Error: 401, Request had invalid authentication credentials. Expected OAuth 2 access token, login cookie or other valid authentication credential. See https://developers.google.com/identity/sign-in/web/devconsole-project.
[error] 
[error] Error: Assertion failed: resolving hosting target of a site with no site name or target name. This should have caused an error earlier
[debug] [2024-10-15T02:25:42.294Z] ----------------------------------------------------------------------
[debug] [2024-10-15T02:25:42.297Z] Command:       C:\Program Files\nodejs\node.exe C:\Users\Kip\AppData\Roaming\npm\node_modules\firebase-tools\lib\bin\firebase.js deploy
[debug] [2024-10-15T02:25:42.297Z] CLI Version:   13.22.0
[debug] [2024-10-15T02:25:42.298Z] Platform:      win32
[debug] [2024-10-15T02:25:42.298Z] Node Version:  v20.11.1
[debug] [2024-10-15T02:25:42.298Z] Time:          Mon Oct 14 2024 22:25:42 GMT-0400 (Eastern Daylight Time)
[debug] [2024-10-15T02:25:42.298Z] ----------------------------------------------------------------------
[debug] 
[debug] [2024-10-15T02:25:42.380Z] > command requires scopes: ["email","openid","https://www.googleapis.com/auth/cloudplatformprojects.readonly","https://www.googleapis.com/auth/firebase","https://www.googleapis.com/auth/cloud-platform"]
[debug] [2024-10-15T02:25:42.380Z] > authorizing via signed-in user (kiplingdunlap@gmail.com)
[debug] [2024-10-15T02:25:42.381Z] [iam] checking project kdme-ba340 for permissions ["firebase.projects.get","firebasehosting.sites.update"]
[debug] [2024-10-15T02:25:42.382Z] Checked if tokens are valid: false, expires at: 1696988067517
[debug] [2024-10-15T02:25:42.382Z] Checked if tokens are valid: false, expires at: 1696988067517
[debug] [2024-10-15T02:25:42.383Z] > refreshing access token with scopes: []
[debug] [2024-10-15T02:25:42.384Z] >>> [apiv2][query] POST https://www.googleapis.com/oauth2/v3/token [none]
[debug] [2024-10-15T02:25:42.385Z] >>> [apiv2][body] POST https://www.googleapis.com/oauth2/v3/token [omitted]
[debug] [2024-10-15T02:25:42.491Z] <<< [apiv2][status] POST https://www.googleapis.com/oauth2/v3/token 400
[debug] [2024-10-15T02:25:42.491Z] <<< [apiv2][body] POST https://www.googleapis.com/oauth2/v3/token [omitted]
[debug] [2024-10-15T02:25:42.491Z] >>> [apiv2][query] POST https://cloudresourcemanager.googleapis.com/v1/projects/kdme-ba340:testIamPermissions [none]
[debug] [2024-10-15T02:25:42.491Z] >>> [apiv2][(partial)header] POST https://cloudresourcemanager.googleapis.com/v1/projects/kdme-ba340:testIamPermissions x-goog-quota-user=projects/kdme-ba340
[debug] [2024-10-15T02:25:42.491Z] >>> [apiv2][body] POST https://cloudresourcemanager.googleapis.com/v1/projects/kdme-ba340:testIamPermissions {"permissions":["firebase.projects.get","firebasehosting.sites.update"]}
[debug] [2024-10-15T02:25:42.596Z] <<< [apiv2][status] POST https://cloudresourcemanager.googleapis.com/v1/projects/kdme-ba340:testIamPermissions 401
[debug] [2024-10-15T02:25:42.596Z] <<< [apiv2][body] POST https://cloudresourcemanager.googleapis.com/v1/projects/kdme-ba340:testIamPermissions {"error":{"code":401,"message":"Request had invalid authentication credentials. Expected OAuth 2 access token, login cookie or other valid authentication credential. See https://developers.google.com/identity/sign-in/web/devconsole-project.","status":"UNAUTHENTICATED","details":[{"@type":"type.googleapis.com/google.rpc.ErrorInfo","reason":"ACCESS_TOKEN_TYPE_UNSUPPORTED","metadata":{"method":"google.cloudresourcemanager.v1.Projects.TestIamPermissions","service":"cloudresourcemanager.googleapis.com"}}]}}
[debug] [2024-10-15T02:25:42.596Z] Got a 401 Unauthenticated error for a call that required authentication. Refreshing tokens.
[debug] [2024-10-15T02:25:42.596Z] Checked if tokens are valid: false, expires at: 1696988067517
[debug] [2024-10-15T02:25:42.596Z] Checked if tokens are valid: false, expires at: 1696988067517
[debug] [2024-10-15T02:25:42.596Z] > refreshing access token with scopes: []
[debug] [2024-10-15T02:25:42.597Z] >>> [apiv2][query] POST https://www.googleapis.com/oauth2/v3/token [none]
[debug] [2024-10-15T02:25:42.597Z] >>> [apiv2][body] POST https://www.googleapis.com/oauth2/v3/token [omitted]
[debug] [2024-10-15T02:25:42.614Z] <<< [apiv2][status] POST https://www.googleapis.com/oauth2/v3/token 400
[debug] [2024-10-15T02:25:42.614Z] <<< [apiv2][body] POST https://www.googleapis.com/oauth2/v3/token [omitted]
[debug] [2024-10-15T02:25:42.615Z] [iam] error while checking permissions, command may fail: FirebaseError: HTTP Error: 401, Request had invalid authentication credentials. Expected OAuth 2 access token, login cookie or other valid authentication credential. See https://developers.google.com/identity/sign-in/web/devconsole-project.
[debug] [2024-10-15T02:25:42.615Z] Checked if tokens are valid: false, expires at: 1696988067517
[debug] [2024-10-15T02:25:42.615Z] Checked if tokens are valid: false, expires at: 1696988067517
[debug] [2024-10-15T02:25:42.616Z] > refreshing access token with scopes: []
[debug] [2024-10-15T02:25:42.616Z] >>> [apiv2][query] POST https://www.googleapis.com/oauth2/v3/token [none]
[debug] [2024-10-15T02:25:42.616Z] >>> [apiv2][body] POST https://www.googleapis.com/oauth2/v3/token [omitted]
[debug] [2024-10-15T02:25:42.633Z] <<< [apiv2][status] POST https://www.googleapis.com/oauth2/v3/token 400
[debug] [2024-10-15T02:25:42.633Z] <<< [apiv2][body] POST https://www.googleapis.com/oauth2/v3/token [omitted]
[debug] [2024-10-15T02:25:42.634Z] >>> [apiv2][query] GET https://firebase.googleapis.com/v1beta1/projects/kdme-ba340 [none]
[debug] [2024-10-15T02:25:42.671Z] <<< [apiv2][status] GET https://firebase.googleapis.com/v1beta1/projects/kdme-ba340 401
[debug] [2024-10-15T02:25:42.671Z] <<< [apiv2][body] GET https://firebase.googleapis.com/v1beta1/projects/kdme-ba340 {"error":{"code":401,"message":"Request had invalid authentication credentials. Expected OAuth 2 access token, login cookie or other valid authentication credential. See https://developers.google.com/identity/sign-in/web/devconsole-project.","status":"UNAUTHENTICATED"}}
[debug] [2024-10-15T02:25:42.671Z] Got a 401 Unauthenticated error for a call that required authentication. Refreshing tokens.
[debug] [2024-10-15T02:25:42.671Z] Checked if tokens are valid: false, expires at: 1696988067517
[debug] [2024-10-15T02:25:42.672Z] Checked if tokens are valid: false, expires at: 1696988067517
[debug] [2024-10-15T02:25:42.672Z] > refreshing access token with scopes: []
[debug] [2024-10-15T02:25:42.672Z] >>> [apiv2][query] POST https://www.googleapis.com/oauth2/v3/token [none]
[debug] [2024-10-15T02:25:42.672Z] >>> [apiv2][body] POST https://www.googleapis.com/oauth2/v3/token [omitted]
[debug] [2024-10-15T02:25:42.688Z] <<< [apiv2][status] POST https://www.googleapis.com/oauth2/v3/token 400
[debug] [2024-10-15T02:25:42.688Z] <<< [apiv2][body] POST https://www.googleapis.com/oauth2/v3/token [omitted]
[debug] [2024-10-15T02:25:42.689Z] HTTP Error: 401, Request had invalid authentication credentials. Expected OAuth 2 access token, login cookie or other valid authentication credential. See https://developers.google.com/identity/sign-in/web/devconsole-project.
[error] 
[error] Error: Assertion failed: resolving hosting target of a site with no site name or target name. This should have caused an error earlier
